<?xml version="1.0" encoding="UTF-8"?>
<!-- Generated by org.testng.reporters.JUnitReportReporter -->
<testsuite skipped="0" hostname="DESKTOP-74V4EEK" name="com.inetbanking.testCases.TC_LoginTest_001" tests="1" failures="0" timestamp="24 Feb 2019 19:04:35 GMT" time="13.201" errors="0">
  <testcase name="loginTest" time="13.201" classname="com.inetbanking.testCases.TC_LoginTest_001"/>
</testsuite> <!-- com.inetbanking.testCases.TC_LoginTest_001 -->
